<?xml version="1.0" encoding="UTF-8"?>
<testng-results skipped="0" failed="0" ignored="0" total="0" passed="0">
  <reporter-output>
  </reporter-output>
  <suite name="org.assignment.MainTest" duration-ms="7" started-at="2023-07-13T00:23:55 PKT" finished-at="2023-07-13T00:23:55 PKT">
    <groups>
    </groups>
    <test name="Command line test" duration-ms="7" started-at="2023-07-13T00:23:55 PKT" finished-at="2023-07-13T00:23:55 PKT">
    </test> <!-- Command line test -->
  </suite> <!-- org.assignment.MainTest -->
</testng-results>
